<?xml version="1.0" encoding="UTF-8"?>
<coverage generated="1750768734156" clover="3.2.0">
  <project timestamp="1750768734156" name="All files">
    <metrics statements="6" coveredstatements="6" conditionals="2" coveredconditionals="2" methods="4" coveredmethods="4" elements="12" coveredelements="12" complexity="0" loc="6" ncloc="6" packages="1" files="1" classes="1"/>
    <file name="calculate.js" path="C:\Users\bkuruchbekov\Desktop\my-unit-test-project\src\js\calculate.js">
      <metrics statements="6" coveredstatements="6" conditionals="2" coveredconditionals="2" methods="4" coveredmethods="4"/>
      <line num="10" count="4" type="stmt"/>
      <line num="20" count="4" type="stmt"/>
      <line num="30" count="4" type="stmt"/>
      <line num="41" count="3" type="cond" truecount="2" falsecount="0"/>
      <line num="42" count="1" type="stmt"/>
      <line num="44" count="2" type="stmt"/>
    </file>
  </project>
</coverage>
