{"C:\\Users\\bkuruchbekov\\Desktop\\my-unit-test-project\\src\\js\\calculate.js": {"path":"C:\\Users\\bkuruchbekov\\Desktop\\my-unit-test-project\\src\\js\\calculate.js","statementMap":{"0":{"start":{"line":10,"column":2},"end":{"line":10,"column":15}},"1":{"start":{"line":20,"column":2},"end":{"line":20,"column":15}},"2":{"start":{"line":30,"column":2},"end":{"line":30,"column":15}},"3":{"start":{"line":41,"column":2},"end":{"line":43,"column":3}},"4":{"start":{"line":42,"column":4},"end":{"line":42,"column":51}},"5":{"start":{"line":44,"column":2},"end":{"line":44,"column":15}}},"fnMap":{"0":{"name":"sum","decl":{"start":{"line":9,"column":16},"end":{"line":9,"column":19}},"loc":{"start":{"line":9,"column":26},"end":{"line":11,"column":1}},"line":9},"1":{"name":"subtract","decl":{"start":{"line":19,"column":16},"end":{"line":19,"column":24}},"loc":{"start":{"line":19,"column":31},"end":{"line":21,"column":1}},"line":19},"2":{"name":"multiply","decl":{"start":{"line":29,"column":16},"end":{"line":29,"column":24}},"loc":{"start":{"line":29,"column":31},"end":{"line":31,"column":1}},"line":29},"3":{"name":"divide","decl":{"start":{"line":40,"column":16},"end":{"line":40,"column":22}},"loc":{"start":{"line":40,"column":29},"end":{"line":45,"column":1}},"line":40}},"branchMap":{"0":{"loc":{"start":{"line":41,"column":2},"end":{"line":43,"column":3}},"type":"if","locations":[{"start":{"line":41,"column":2},"end":{"line":43,"column":3}},{"start":{},"end":{}}],"line":41}},"s":{"0":4,"1":4,"2":4,"3":3,"4":1,"5":2},"f":{"0":4,"1":4,"2":4,"3":3},"b":{"0":[1,2]},"_coverageSchema":"1a1c01bbd47fc00a2c39e90264f33305004495a9","hash":"6129024a7e58fb3165a452e2e117e8676f4add1f"}
}
